<?xml version="1.0" encoding="UTF-8"?>
<!-- Generated by org.testng.reporters.JUnitXMLReporter -->
<testsuite ignored="0" hostname="LAPTOP-PHJEU9F9" failures="0" tests="3" name="Surefire test" time="16.017" errors="0" timestamp="2023-03-28T13:38:25 IST">
  <testcase classname="org.example.AppTest" name="testcase1_login" time="0.035"/>
  <testcase classname="org.example.AppTest" name="testcase2_login" time="0.001"/>
  <testcase classname="org.example.GoogleSearchTest" name="googleTest" time="15.869"/>
</testsuite> <!-- Surefire test -->
