<?xml version="1.0" encoding="UTF-8"?>
<!-- Generated by org.testng.reporters.JUnitXMLReporter -->
<testsuite ignored="0" hostname="LAPTOP-PHJEU9F9" failures="0" tests="3" name="Command line test" time="30.79" errors="0" timestamp="2023-03-29T10:15:20 IST">
  <testcase classname="org.example.AppTest" name="testcase1_login" time="0.04"/>
  <testcase classname="org.example.AppTest" name="testcase2_login" time="0.001"/>
  <testcase classname="org.example.GoogleSearchTest" name="googleTest" time="30.601"/>
</testsuite> <!-- Command line test -->
