<?xml version="1.0" encoding="UTF-8"?>
<testng-results ignored="0" total="0" passed="0" failed="0" skipped="0">
  <reporter-output>
  </reporter-output>
  <suite started-at="2023-04-21T09:19:59 IST" name="All Test Suite" finished-at="2023-04-21T09:19:59 IST" duration-ms="50">
    <groups>
    </groups>
    <test started-at="2023-04-21T09:19:59 IST" name="/Users/saurabhkansal/IdeaProjects/Saucedemo/.idea" finished-at="2023-04-21T09:19:59 IST" duration-ms="15">
    </test> <!-- /Users/saurabhkansal/IdeaProjects/Saucedemo/.idea -->
    <test started-at="2023-04-21T09:19:59 IST" name="test2" finished-at="2023-04-21T09:19:59 IST" duration-ms="0">
    </test> <!-- test2 -->
  </suite> <!-- All Test Suite -->
</testng-results>
